# JRE version: OpenJDK Runtime Environment (8.0_242-b01) (build 1.8.0_242-release-1644-b01)
# Java VM: OpenJDK 64-Bit Server VM (25.242-b01 mixed mode windows-amd64 compressed oops)
Heap:
 PSYoungGen      total 241152K, used 43902K [0x00000000d5580000, 0x00000000e6980000, 0x0000000100000000)
  eden space 221184K, 19% used [0x00000000d5580000,0x00000000d805fb40,0x00000000e2d80000)
  from space 19968K, 0% used [0x00000000e4100000,0x00000000e4100000,0x00000000e5480000)
  to   space 19968K, 0% used [0x00000000e2d80000,0x00000000e2d80000,0x00000000e4100000)
 ParOldGen       total 110080K, used 32617K [0x0000000080000000, 0x0000000086b80000, 0x00000000d5580000)
  object space 110080K, 29% used [0x0000000080000000,0x0000000081fda548,0x0000000086b80000)
 Metaspace       used 59631K, capacity 62088K, committed 62232K, reserved 1103872K
  class space    used 8234K, capacity 8725K, committed 8752K, reserved 1048576K
GC Heap History (10 events):
Event: 4.952 GC heap before
{Heap before GC invocations=11 (full 2):
 PSYoungGen      total 137216K, used 11237K [0x00000000d5580000, 0x00000000e2080000, 0x0000000100000000)
  eden space 125952K, 0% used [0x00000000d5580000,0x00000000d5580000,0x00000000dd080000)
  from space 11264K, 99% used [0x00000000dd080000,0x00000000ddb79458,0x00000000ddb80000)
  to   space 12800K, 0% used [0x00000000e1400000,0x00000000e1400000,0x00000000e2080000)
 ParOldGen       total 47104K, used 6876K [0x0000000080000000, 0x0000000082e00000, 0x00000000d5580000)
  object space 47104K, 14% used [0x0000000080000000,0x00000000806b7238,0x0000000082e00000)
 Metaspace       used 34342K, capacity 35408K, committed 35496K, reserved 1079296K
  class space    used 4727K, capacity 5003K, committed 5040K, reserved 1048576K
Event: 5.005 GC heap after
Heap after GC invocations=11 (full 2):
 PSYoungGen      total 137216K, used 0K [0x00000000d5580000, 0x00000000e2080000, 0x0000000100000000)
  eden space 125952K, 0% used [0x00000000d5580000,0x00000000d5580000,0x00000000dd080000)
  from space 11264K, 0% used [0x00000000dd080000,0x00000000dd080000,0x00000000ddb80000)
  to   space 12800K, 0% used [0x00000000e1400000,0x00000000e1400000,0x00000000e2080000)
 ParOldGen       total 72192K, used 17397K [0x0000000080000000, 0x0000000084680000, 0x00000000d5580000)
  object space 72192K, 24% used [0x0000000080000000,0x00000000810fd4e0,0x0000000084680000)
 Metaspace       used 34342K, capacity 35408K, committed 35496K, reserved 1079296K
  class space    used 4727K, capacity 5003K, committed 5040K, reserved 1048576K
}
Event: 6.218 GC heap before
{Heap before GC invocations=12 (full 2):
 PSYoungGen      total 137216K, used 125952K [0x00000000d5580000, 0x00000000e2080000, 0x0000000100000000)
  eden space 125952K, 100% used [0x00000000d5580000,0x00000000dd080000,0x00000000dd080000)
  from space 11264K, 0% used [0x00000000dd080000,0x00000000dd080000,0x00000000ddb80000)
  to   space 12800K, 0% used [0x00000000e1400000,0x00000000e1400000,0x00000000e2080000)
 ParOldGen       total 72192K, used 17397K [0x0000000080000000, 0x0000000084680000, 0x00000000d5580000)
  object space 72192K, 24% used [0x0000000080000000,0x00000000810fd4e0,0x0000000084680000)
 Metaspace       used 39670K, capacity 41494K, committed 41768K, reserved 1085440K
  class space    used 5475K, capacity 5841K, committed 5936K, reserved 1048576K
Event: 6.226 GC heap after
Heap after GC invocations=12 (full 2):
 PSYoungGen      total 178688K, used 9937K [0x00000000d5580000, 0x00000000e1e00000, 0x0000000100000000)
  eden space 168448K, 0% used [0x00000000d5580000,0x00000000d5580000,0x00000000dfa00000)
  from space 10240K, 97% used [0x00000000e1400000,0x00000000e1db45d0,0x00000000e1e00000)
  to   space 13312K, 0% used [0x00000000e0400000,0x00000000e0400000,0x00000000e1100000)
 ParOldGen       total 72192K, used 17405K [0x0000000080000000, 0x0000000084680000, 0x00000000d5580000)
  object space 72192K, 24% used [0x0000000080000000,0x00000000810ff4e0,0x0000000084680000)
 Metaspace       used 39670K, capacity 41494K, committed 41768K, reserved 1085440K
  class space    used 5475K, capacity 5841K, committed 5936K, reserved 1048576K
}
Event: 8.108 GC heap before
{Heap before GC invocations=13 (full 2):
 PSYoungGen      total 178688K, used 178385K [0x00000000d5580000, 0x00000000e1e00000, 0x0000000100000000)
  eden space 168448K, 100% used [0x00000000d5580000,0x00000000dfa00000,0x00000000dfa00000)
  from space 10240K, 97% used [0x00000000e1400000,0x00000000e1db45d0,0x00000000e1e00000)
  to   space 13312K, 0% used [0x00000000e0400000,0x00000000e0400000,0x00000000e1100000)
 ParOldGen       total 72192K, used 17405K [0x0000000080000000, 0x0000000084680000, 0x00000000d5580000)
  object space 72192K, 24% used [0x0000000080000000,0x00000000810ff4e0,0x0000000084680000)
 Metaspace       used 54861K, capacity 57204K, committed 57384K, reserved 1099776K
  class space    used 7480K, capacity 7978K, committed 7984K, reserved 1048576K
Event: 8.133 GC heap after
Heap after GC invocations=13 (full 2):
 PSYoungGen      total 192000K, used 13296K [0x00000000d5580000, 0x00000000e5480000, 0x0000000100000000)
  eden space 178688K, 0% used [0x00000000d5580000,0x00000000d5580000,0x00000000e0400000)
  from space 13312K, 99% used [0x00000000e0400000,0x00000000e10fc190,0x00000000e1100000)
  to   space 19968K, 0% used [0x00000000e4100000,0x00000000e4100000,0x00000000e5480000)
 ParOldGen       total 72192K, used 30819K [0x0000000080000000, 0x0000000084680000, 0x00000000d5580000)
  object space 72192K, 42% used [0x0000000080000000,0x0000000081e18cc0,0x0000000084680000)
 Metaspace       used 54861K, capacity 57204K, committed 57384K, reserved 1099776K
  class space    used 7480K, capacity 7978K, committed 7984K, reserved 1048576K
}
Event: 8.572 GC heap before
{Heap before GC invocations=14 (full 2):
 PSYoungGen      total 192000K, used 59750K [0x00000000d5580000, 0x00000000e5480000, 0x0000000100000000)
  eden space 178688K, 25% used [0x00000000d5580000,0x00000000d82dd7e0,0x00000000e0400000)
  from space 13312K, 99% used [0x00000000e0400000,0x00000000e10fc190,0x00000000e1100000)
  to   space 19968K, 0% used [0x00000000e4100000,0x00000000e4100000,0x00000000e5480000)
 ParOldGen       total 72192K, used 30819K [0x0000000080000000, 0x0000000084680000, 0x00000000d5580000)
  object space 72192K, 42% used [0x0000000080000000,0x0000000081e18cc0,0x0000000084680000)
 Metaspace       used 56542K, capacity 58980K, committed 59160K, reserved 1099776K
  class space    used 7736K, capacity 8225K, committed 8240K, reserved 1048576K
Event: 8.597 GC heap after
Heap after GC invocations=14 (full 2):
 PSYoungGen      total 241152K, used 4367K [0x00000000d5580000, 0x00000000e6980000, 0x0000000100000000)
  eden space 221184K, 0% used [0x00000000d5580000,0x00000000d5580000,0x00000000e2d80000)
  from space 19968K, 21% used [0x00000000e4100000,0x00000000e4543e08,0x00000000e5480000)
  to   space 19968K, 0% used [0x00000000e2d80000,0x00000000e2d80000,0x00000000e4100000)
 ParOldGen       total 72192K, used 41907K [0x0000000080000000, 0x0000000084680000, 0x00000000d5580000)
  object space 72192K, 58% used [0x0000000080000000,0x00000000828ecd48,0x0000000084680000)
 Metaspace       used 56542K, capacity 58980K, committed 59160K, reserved 1099776K
  class space    used 7736K, capacity 8225K, committed 8240K, reserved 1048576K
}
Event: 8.597 GC heap before
{Heap before GC invocations=15 (full 3):
 PSYoungGen      total 241152K, used 4367K [0x00000000d5580000, 0x00000000e6980000, 0x0000000100000000)
  eden space 221184K, 0% used [0x00000000d5580000,0x00000000d5580000,0x00000000e2d80000)
  from space 19968K, 21% used [0x00000000e4100000,0x00000000e4543e08,0x00000000e5480000)
  to   space 19968K, 0% used [0x00000000e2d80000,0x00000000e2d80000,0x00000000e4100000)
 ParOldGen       total 72192K, used 41907K [0x0000000080000000, 0x0000000084680000, 0x00000000d5580000)
  object space 72192K, 58% used [0x0000000080000000,0x00000000828ecd48,0x0000000084680000)
 Metaspace       used 56542K, capacity 58980K, committed 59160K, reserved 1099776K
  class space    used 7736K, capacity 8225K, committed 8240K, reserved 1048576K
Event: 8.804 GC heap after
Heap after GC invocations=15 (full 3):
 PSYoungGen      total 241152K, used 0K [0x00000000d5580000, 0x00000000e6980000, 0x0000000100000000)
  eden space 221184K, 0% used [0x00000000d5580000,0x00000000d5580000,0x00000000e2d80000)
  from space 19968K, 0% used [0x00000000e4100000,0x00000000e4100000,0x00000000e5480000)
  to   space 19968K, 0% used [0x00000000e2d80000,0x00000000e2d80000,0x00000000e4100000)
 ParOldGen       total 110080K, used 32617K [0x0000000080000000, 0x0000000086b80000, 0x00000000d5580000)
  object space 110080K, 29% used [0x0000000080000000,0x0000000081fda548,0x0000000086b80000)
 Metaspace       used 56474K, capacity 58752K, committed 59160K, reserved 1099776K
  class space    used 7715K, capacity 8187K, committed 8240K, reserved 1048576K
}

